<?xml version="1.0" encoding="UTF-8"?>
<!-- Generated by org.testng.reporters.JUnitReportReporter -->
<testsuite skipped="0" hostname="LAPTOP-L15414KC" name="Test3" tests="1" failures="0" timestamp="2021-03-10T13:14:04 CST" time="6.930" errors="0">
  <testcase name="BeginTest" time="6.930" classname="Test3"/>
  <system-out/>
</testsuite> <!-- Test3 -->
