<?xml version="1.0" encoding="UTF-8"?>
<!-- Generated by org.testng.reporters.JUnitReportReporter -->
<testsuite skipped="0" hostname="LAPTOP-L15414KC" name="Test1" tests="1" failures="0" timestamp="2021-03-10T13:14:04 CST" time="2.949" errors="0">
  <testcase name="BeginTest" time="2.949" classname="Test1"/>
  <system-out/>
</testsuite> <!-- Test1 -->
